<?xml version="1.0" encoding="UTF-8"?>
<!-- Generated by org.testng.reporters.JUnitXMLReporter -->
<testsuite hostname="BTW2HY1-VKUNDEL" name="Command line test" tests="18" failures="3" timestamp="27 Nov 2019 12:20:49 GMT" time="6.078" errors="0">
  <testcase name="t1" time="0.006" classname="example2.TestClass">
    <skipped/>
  </testcase> <!-- t1 -->
  <testcase name="t2" time="0.001" classname="example2.TestClass">
    <skipped/>
  </testcase> <!-- t2 -->
  <testcase name="t1" time="0.015" classname="example2.TestClass1">
    <failure type="java.lang.AssertionError" message="expected [true] but found [false]">
      <![CDATA[java.lang.AssertionError: expected [true] but found [false]
	at example2.TestClass1.t1(TestClass1.java:20)
... Removed 38 stack frames]]>
    </failure>
  </testcase> <!-- t1 -->
  <testcase name="t2" time="6.001" classname="example2.TestClass1">
    <failure type="java.lang.AssertionError" message="expected [true] but found [false]">
      <![CDATA[java.lang.AssertionError: expected [true] but found [false]
	at example2.TestClass1.t2(TestClass1.java:30)
... Removed 38 stack frames]]>
    </failure>
  </testcase> <!-- t2 -->
  <testcase name="t3" time="0.0" classname="example2.TestClass1"/>
  <testcase name="t44" time="0.001" classname="example2.TestClass1">
    <skipped/>
  </testcase> <!-- t44 -->
  <testcase name="t5" time="0.001" classname="example2.TestClass1"/>
  <testcase name="t5" time="0.0" classname="example2.TestClass1"/>
  <testcase name="c1" time="0.001" classname="example2.TestClass2"/>
  <testcase name="c2" time="0.0" classname="example2.TestClass2"/>
  <testcase name="c3" time="0.0" classname="example2.TestClass2"/>
  <testcase name="c4" time="0.001" classname="example2.TestClass2">
    <failure type="java.lang.AssertionError" message="expected [true] but found [false]">
      <![CDATA[java.lang.AssertionError: expected [true] but found [false]
	at example2.TestClass2.c4(TestClass2.java:29)
... Removed 38 stack frames]]>
    </failure>
  </testcase> <!-- c4 -->
  <testcase name="d1" time="0.0" classname="example2.TestClass3"/>
  <testcase name="d2" time="0.0" classname="example2.TestClass3"/>
  <testcase name="e1" time="0.001" classname="example2.TestClass4"/>
  <testcase name="e2" time="0.0" classname="example2.TestClass4"/>
  <testcase name="thisIsTheMethodName" time="0.0" classname="example1.TestNgMavenExampleTest"/>
  <testcase name="oneMoreTest" time="0.0" classname="example1.TestNgMavenSecondClass"/>
</testsuite> <!-- Command line test -->
