<?xml version="1.0" encoding="UTF-8" ?>
<testsuite tests="18" failures="3" name="TestSuite" time="8.486" errors="0" skipped="3">
  <properties>
[...]
</properties>
  <testcase classname="example2.TestClass" name="t1" time="1.225">
    <skipped/>
    <system-out>Configuring TestNG with: org.apache.maven.surefire.testng.conf.TestNG652Configurator@76ccd017
</system-out>
  </testcase>
  <testcase classname="example2.TestClass" name="t2" time="1.225">
    <skipped/>
  </testcase>
  <testcase classname="example2.TestClass1" name="t1" time="0.03">
    <failure message="expected [true] but found [false]" type="java.lang.AssertionError">java.lang.AssertionError: expected [true] but found [false]
	at org.testng.Assert.fail(Assert.java:94)
	at org.testng.Assert.failNotEquals(Assert.java:494)
	at org.testng.Assert.assertTrue(Assert.java:42)
	at org.testng.Assert.assertTrue(Assert.java:52)
	at example2.TestClass1.t1(TestClass1.java:20)
</failure>
  </testcase>
  <testcase classname="example2.TestClass1" name="t2" time="5.998">
    <failure message="expected [true] but found [false]" type="java.lang.AssertionError">java.lang.AssertionError: expected [true] but found [false]
	at org.testng.Assert.fail(Assert.java:94)
	at org.testng.Assert.failNotEquals(Assert.java:494)
	at org.testng.Assert.assertTrue(Assert.java:42)
	at org.testng.Assert.assertTrue(Assert.java:52)
	at example2.TestClass1.t2(TestClass1.java:30)
</failure>
  </testcase>
  <testcase classname="example2.TestClass1" name="t3" time="0"/>
  <testcase classname="example2.TestClass1" name="t44" time="0">
    <skipped/>
  </testcase>
  <testcase classname="example2.TestClass1" name="t5" time="0.006"/>
  <testcase classname="example2.TestClass1" name="t5" time="0"/>
  <testcase classname="example2.TestClass2" name="c1" time="0"/>
  <testcase classname="example2.TestClass2" name="c2" time="0"/>
  <testcase classname="example2.TestClass2" name="c3" time="0"/>
  <testcase classname="example2.TestClass2" name="c4" time="0">
    <failure message="expected [true] but found [false]" type="java.lang.AssertionError">java.lang.AssertionError: expected [true] but found [false]
	at org.testng.Assert.fail(Assert.java:94)
	at org.testng.Assert.failNotEquals(Assert.java:494)
	at org.testng.Assert.assertTrue(Assert.java:42)
	at org.testng.Assert.assertTrue(Assert.java:52)
	at example2.TestClass2.c4(TestClass2.java:29)
</failure>
  </testcase>
  <testcase classname="example2.TestClass3" name="d1" time="0"/>
  <testcase classname="example2.TestClass3" name="d2" time="0"/>
  <testcase classname="example2.TestClass4" name="e1" time="0"/>
  <testcase classname="example2.TestClass4" name="e2" time="0.001"/>
  <testcase classname="example1.TestNgMavenExampleTest" name="thisIsTheMethodName" time="0"/>
  <testcase classname="example1.TestNgMavenSecondClass" name="oneMoreTest" time="0.001"/>
</testsuite>